<?xml version="1.0" encoding="UTF-8"?>
<testsuite xmlns:xsi="http://www.w3.org/2001/XMLSchema-instance" xsi:noNamespaceSchemaLocation="https://maven.apache.org/surefire/maven-surefire-plugin/xsd/surefire-test-report-3.0.xsd" version="3.0" name="Product Login" time="7.521" tests="1" errors="0" skipped="0" failures="0">
  <properties>
    <property name="java.specification.version" value="19"/>
    <property name="webdriver.chrome.driver" value="/Users/Hamza/.cache/selenium/chromedriver/mac-arm64/109.0.5414.74/chromedriver"/>
    <property name="sun.jnu.encoding" value="UTF-8"/>
    <property name="java.class.path" value="/Users/Hamza/IdeaProjects/universitystore/target/test-classes:/Users/Hamza/IdeaProjects/universitystore/target/classes:/Users/Hamza/.m2/repository/org/seleniumhq/selenium/selenium-java/4.8.1/selenium-java-4.8.1.jar:/Users/Hamza/.m2/repository/org/seleniumhq/selenium/selenium-api/4.8.1/selenium-api-4.8.1.jar:/Users/Hamza/.m2/repository/org/seleniumhq/selenium/selenium-chrome-driver/4.8.1/selenium-chrome-driver-4.8.1.jar:/Users/Hamza/.m2/repository/com/google/auto/service/auto-service-annotations/1.0.1/auto-service-annotations-1.0.1.jar:/Users/Hamza/.m2/repository/com/google/auto/service/auto-service/1.0.1/auto-service-1.0.1.jar:/Users/Hamza/.m2/repository/com/google/auto/auto-common/1.2/auto-common-1.2.jar:/Users/Hamza/.m2/repository/com/google/guava/guava/31.1-jre/guava-31.1-jre.jar:/Users/Hamza/.m2/repository/com/google/guava/failureaccess/1.0.1/failureaccess-1.0.1.jar:/Users/Hamza/.m2/repository/com/google/guava/listenablefuture/9999.0-empty-to-avoid-conflict-with-guava/listenablefuture-9999.0-empty-to-avoid-conflict-with-guava.jar:/Users/Hamza/.m2/repository/com/google/code/findbugs/jsr305/3.0.2/jsr305-3.0.2.jar:/Users/Hamza/.m2/repository/org/checkerframework/checker-qual/3.12.0/checker-qual-3.12.0.jar:/Users/Hamza/.m2/repository/com/google/errorprone/error_prone_annotations/2.11.0/error_prone_annotations-2.11.0.jar:/Users/Hamza/.m2/repository/com/google/j2objc/j2objc-annotations/1.3/j2objc-annotations-1.3.jar:/Users/Hamza/.m2/repository/org/seleniumhq/selenium/selenium-chromium-driver/4.8.1/selenium-chromium-driver-4.8.1.jar:/Users/Hamza/.m2/repository/org/seleniumhq/selenium/selenium-json/4.8.1/selenium-json-4.8.1.jar:/Users/Hamza/.m2/repository/org/seleniumhq/selenium/selenium-devtools-v108/4.8.1/selenium-devtools-v108-4.8.1.jar:/Users/Hamza/.m2/repository/org/seleniumhq/selenium/selenium-devtools-v109/4.8.1/selenium-devtools-v109-4.8.1.jar:/Users/Hamza/.m2/repository/org/seleniumhq/selenium/selenium-devtools-v110/4.8.1/selenium-devtools-v110-4.8.1.jar:/Users/Hamza/.m2/repository/org/seleniumhq/selenium/selenium-devtools-v85/4.8.1/selenium-devtools-v85-4.8.1.jar:/Users/Hamza/.m2/repository/org/seleniumhq/selenium/selenium-edge-driver/4.8.1/selenium-edge-driver-4.8.1.jar:/Users/Hamza/.m2/repository/org/seleniumhq/selenium/selenium-firefox-driver/4.8.1/selenium-firefox-driver-4.8.1.jar:/Users/Hamza/.m2/repository/org/seleniumhq/selenium/selenium-http/4.8.1/selenium-http-4.8.1.jar:/Users/Hamza/.m2/repository/dev/failsafe/failsafe/3.3.0/failsafe-3.3.0.jar:/Users/Hamza/.m2/repository/org/seleniumhq/selenium/selenium-ie-driver/4.8.1/selenium-ie-driver-4.8.1.jar:/Users/Hamza/.m2/repository/org/seleniumhq/selenium/selenium-remote-driver/4.8.1/selenium-remote-driver-4.8.1.jar:/Users/Hamza/.m2/repository/com/beust/jcommander/1.82/jcommander-1.82.jar:/Users/Hamza/.m2/repository/io/netty/netty-buffer/4.1.87.Final/netty-buffer-4.1.87.Final.jar:/Users/Hamza/.m2/repository/io/netty/netty-codec-http/4.1.87.Final/netty-codec-http-4.1.87.Final.jar:/Users/Hamza/.m2/repository/io/netty/netty-codec/4.1.87.Final/netty-codec-4.1.87.Final.jar:/Users/Hamza/.m2/repository/io/netty/netty-handler/4.1.87.Final/netty-handler-4.1.87.Final.jar:/Users/Hamza/.m2/repository/io/netty/netty-common/4.1.87.Final/netty-common-4.1.87.Final.jar:/Users/Hamza/.m2/repository/io/netty/netty-transport-classes-epoll/4.1.87.Final/netty-transport-classes-epoll-4.1.87.Final.jar:/Users/Hamza/.m2/repository/io/netty/netty-transport-classes-kqueue/4.1.87.Final/netty-transport-classes-kqueue-4.1.87.Final.jar:/Users/Hamza/.m2/repository/io/netty/netty-transport-native-epoll/4.1.87.Final/netty-transport-native-epoll-4.1.87.Final.jar:/Users/Hamza/.m2/repository/io/netty/netty-transport-native-kqueue/4.1.87.Final/netty-transport-native-kqueue-4.1.87.Final.jar:/Users/Hamza/.m2/repository/io/netty/netty-transport-native-unix-common/4.1.87.Final/netty-transport-native-unix-common-4.1.87.Final.jar:/Users/Hamza/.m2/repository/io/netty/netty-transport/4.1.87.Final/netty-transport-4.1.87.Final.jar:/Users/Hamza/.m2/repository/io/netty/netty-resolver/4.1.87.Final/netty-resolver-4.1.87.Final.jar:/Users/Hamza/.m2/repository/io/opentelemetry/opentelemetry-api/1.22.0/opentelemetry-api-1.22.0.jar:/Users/Hamza/.m2/repository/io/opentelemetry/opentelemetry-context/1.22.0/opentelemetry-context-1.22.0.jar:/Users/Hamza/.m2/repository/io/opentelemetry/opentelemetry-exporter-logging/1.22.0/opentelemetry-exporter-logging-1.22.0.jar:/Users/Hamza/.m2/repository/io/opentelemetry/opentelemetry-sdk-metrics/1.22.0/opentelemetry-sdk-metrics-1.22.0.jar:/Users/Hamza/.m2/repository/io/opentelemetry/opentelemetry-sdk-logs/1.22.0-alpha/opentelemetry-sdk-logs-1.22.0-alpha.jar:/Users/Hamza/.m2/repository/io/opentelemetry/opentelemetry-api-logs/1.22.0-alpha/opentelemetry-api-logs-1.22.0-alpha.jar:/Users/Hamza/.m2/repository/io/opentelemetry/opentelemetry-sdk-common/1.22.0/opentelemetry-sdk-common-1.22.0.jar:/Users/Hamza/.m2/repository/io/opentelemetry/opentelemetry-sdk-extension-autoconfigure-spi/1.22.0/opentelemetry-sdk-extension-autoconfigure-spi-1.22.0.jar:/Users/Hamza/.m2/repository/io/opentelemetry/opentelemetry-sdk-extension-autoconfigure/1.22.0-alpha/opentelemetry-sdk-extension-autoconfigure-1.22.0-alpha.jar:/Users/Hamza/.m2/repository/io/opentelemetry/opentelemetry-sdk-trace/1.22.0/opentelemetry-sdk-trace-1.22.0.jar:/Users/Hamza/.m2/repository/io/opentelemetry/opentelemetry-sdk/1.22.0/opentelemetry-sdk-1.22.0.jar:/Users/Hamza/.m2/repository/io/opentelemetry/opentelemetry-semconv/1.22.0-alpha/opentelemetry-semconv-1.22.0-alpha.jar:/Users/Hamza/.m2/repository/io/ous/jtoml/2.0.0/jtoml-2.0.0.jar:/Users/Hamza/.m2/repository/net/bytebuddy/byte-buddy/1.12.22/byte-buddy-1.12.22.jar:/Users/Hamza/.m2/repository/org/apache/commons/commons-exec/1.3/commons-exec-1.3.jar:/Users/Hamza/.m2/repository/org/asynchttpclient/async-http-client/2.12.3/async-http-client-2.12.3.jar:/Users/Hamza/.m2/repository/org/asynchttpclient/async-http-client-netty-utils/2.12.3/async-http-client-netty-utils-2.12.3.jar:/Users/Hamza/.m2/repository/io/netty/netty-codec-socks/4.1.60.Final/netty-codec-socks-4.1.60.Final.jar:/Users/Hamza/.m2/repository/io/netty/netty-handler-proxy/4.1.60.Final/netty-handler-proxy-4.1.60.Final.jar:/Users/Hamza/.m2/repository/io/netty/netty-transport-native-epoll/4.1.60.Final/netty-transport-native-epoll-4.1.60.Final-linux-x86_64.jar:/Users/Hamza/.m2/repository/io/netty/netty-transport-native-kqueue/4.1.60.Final/netty-transport-native-kqueue-4.1.60.Final-osx-x86_64.jar:/Users/Hamza/.m2/repository/org/reactivestreams/reactive-streams/1.0.3/reactive-streams-1.0.3.jar:/Users/Hamza/.m2/repository/com/typesafe/netty/netty-reactive-streams/2.0.4/netty-reactive-streams-2.0.4.jar:/Users/Hamza/.m2/repository/com/sun/activation/jakarta.activation/1.2.2/jakarta.activation-1.2.2.jar:/Users/Hamza/.m2/repository/org/seleniumhq/selenium/selenium-manager/4.8.1/selenium-manager-4.8.1.jar:/Users/Hamza/.m2/repository/org/seleniumhq/selenium/selenium-safari-driver/4.8.1/selenium-safari-driver-4.8.1.jar:/Users/Hamza/.m2/repository/org/seleniumhq/selenium/selenium-support/4.8.1/selenium-support-4.8.1.jar:/Users/Hamza/.m2/repository/io/cucumber/cucumber-java/7.1.0/cucumber-java-7.1.0.jar:/Users/Hamza/.m2/repository/io/cucumber/cucumber-core/7.1.0/cucumber-core-7.1.0.jar:/Users/Hamza/.m2/repository/io/cucumber/cucumber-gherkin/7.1.0/cucumber-gherkin-7.1.0.jar:/Users/Hamza/.m2/repository/io/cucumber/cucumber-gherkin-messages/7.1.0/cucumber-gherkin-messages-7.1.0.jar:/Users/Hamza/.m2/repository/io/cucumber/messages/17.1.1/messages-17.1.1.jar:/Users/Hamza/.m2/repository/io/cucumber/tag-expressions/4.1.0/tag-expressions-4.1.0.jar:/Users/Hamza/.m2/repository/io/cucumber/cucumber-expressions/13.0.1/cucumber-expressions-13.0.1.jar:/Users/Hamza/.m2/repository/io/cucumber/datatable/7.1.0/datatable-7.1.0.jar:/Users/Hamza/.m2/repository/io/cucumber/cucumber-plugin/7.1.0/cucumber-plugin-7.1.0.jar:/Users/Hamza/.m2/repository/io/cucumber/docstring/7.1.0/docstring-7.1.0.jar:/Users/Hamza/.m2/repository/io/cucumber/html-formatter/17.0.0/html-formatter-17.0.0.jar:/Users/Hamza/.m2/repository/io/cucumber/create-meta/6.0.4/create-meta-6.0.4.jar:/Users/Hamza/.m2/repository/org/apiguardian/apiguardian-api/1.1.2/apiguardian-api-1.1.2.jar:/Users/Hamza/.m2/repository/io/cucumber/cucumber-junit/7.1.0/cucumber-junit-7.1.0.jar:/Users/Hamza/.m2/repository/junit/junit/4.13.2/junit-4.13.2.jar:/Users/Hamza/.m2/repository/org/hamcrest/hamcrest-core/1.3/hamcrest-core-1.3.jar:/Users/Hamza/.m2/repository/io/rest-assured/rest-assured/5.3.0/rest-assured-5.3.0.jar:/Users/Hamza/.m2/repository/org/apache/groovy/groovy/4.0.6/groovy-4.0.6.jar:/Users/Hamza/.m2/repository/org/apache/groovy/groovy-xml/4.0.6/groovy-xml-4.0.6.jar:/Users/Hamza/.m2/repository/org/apache/httpcomponents/httpclient/4.5.13/httpclient-4.5.13.jar:/Users/Hamza/.m2/repository/org/apache/httpcomponents/httpcore/4.4.13/httpcore-4.4.13.jar:/Users/Hamza/.m2/repository/commons-logging/commons-logging/1.2/commons-logging-1.2.jar:/Users/Hamza/.m2/repository/commons-codec/commons-codec/1.11/commons-codec-1.11.jar:/Users/Hamza/.m2/repository/org/apache/httpcomponents/httpmime/4.5.13/httpmime-4.5.13.jar:/Users/Hamza/.m2/repository/org/hamcrest/hamcrest/2.1/hamcrest-2.1.jar:/Users/Hamza/.m2/repository/org/ccil/cowan/tagsoup/tagsoup/1.2.1/tagsoup-1.2.1.jar:/Users/Hamza/.m2/repository/io/rest-assured/json-path/5.3.0/json-path-5.3.0.jar:/Users/Hamza/.m2/repository/org/apache/groovy/groovy-json/4.0.6/groovy-json-4.0.6.jar:/Users/Hamza/.m2/repository/io/rest-assured/rest-assured-common/5.3.0/rest-assured-common-5.3.0.jar:/Users/Hamza/.m2/repository/io/rest-assured/xml-path/5.3.0/xml-path-5.3.0.jar:/Users/Hamza/.m2/repository/org/apache/commons/commons-lang3/3.11/commons-lang3-3.11.jar:/Users/Hamza/.m2/repository/org/apache/poi/poi-ooxml/5.2.3/poi-ooxml-5.2.3.jar:/Users/Hamza/.m2/repository/org/apache/poi/poi/5.2.3/poi-5.2.3.jar:/Users/Hamza/.m2/repository/org/apache/commons/commons-math3/3.6.1/commons-math3-3.6.1.jar:/Users/Hamza/.m2/repository/com/zaxxer/SparseBitSet/1.2/SparseBitSet-1.2.jar:/Users/Hamza/.m2/repository/org/apache/poi/poi-ooxml-lite/5.2.3/poi-ooxml-lite-5.2.3.jar:/Users/Hamza/.m2/repository/org/apache/xmlbeans/xmlbeans/5.1.1/xmlbeans-5.1.1.jar:/Users/Hamza/.m2/repository/org/apache/commons/commons-compress/1.21/commons-compress-1.21.jar:/Users/Hamza/.m2/repository/commons-io/commons-io/2.11.0/commons-io-2.11.0.jar:/Users/Hamza/.m2/repository/com/github/virtuald/curvesapi/1.07/curvesapi-1.07.jar:/Users/Hamza/.m2/repository/org/apache/logging/log4j/log4j-api/2.18.0/log4j-api-2.18.0.jar:/Users/Hamza/.m2/repository/org/apache/commons/commons-collections4/4.4/commons-collections4-4.4.jar:/Users/Hamza/.m2/repository/com/google/code/gson/gson/2.8.9/gson-2.8.9.jar:/Users/Hamza/.m2/repository/org/projectlombok/lombok/1.18.22/lombok-1.18.22.jar:/Users/Hamza/.m2/repository/io/github/bonigarcia/webdrivermanager/5.1.1/webdrivermanager-5.1.1.jar:/Users/Hamza/.m2/repository/com/github/docker-java/docker-java/3.2.13/docker-java-3.2.13.jar:/Users/Hamza/.m2/repository/com/github/docker-java/docker-java-core/3.2.13/docker-java-core-3.2.13.jar:/Users/Hamza/.m2/repository/com/github/docker-java/docker-java-api/3.2.13/docker-java-api-3.2.13.jar:/Users/Hamza/.m2/repository/com/fasterxml/jackson/core/jackson-annotations/2.10.3/jackson-annotations-2.10.3.jar:/Users/Hamza/.m2/repository/com/fasterxml/jackson/core/jackson-databind/2.10.3/jackson-databind-2.10.3.jar:/Users/Hamza/.m2/repository/org/bouncycastle/bcpkix-jdk15on/1.64/bcpkix-jdk15on-1.64.jar:/Users/Hamza/.m2/repository/org/bouncycastle/bcprov-jdk15on/1.64/bcprov-jdk15on-1.64.jar:/Users/Hamza/.m2/repository/org/slf4j/jcl-over-slf4j/1.7.30/jcl-over-slf4j-1.7.30.jar:/Users/Hamza/.m2/repository/com/github/docker-java/docker-java-transport-httpclient5/3.2.13/docker-java-transport-httpclient5-3.2.13.jar:/Users/Hamza/.m2/repository/com/github/docker-java/docker-java-transport/3.2.13/docker-java-transport-3.2.13.jar:/Users/Hamza/.m2/repository/net/java/dev/jna/jna/5.8.0/jna-5.8.0.jar:/Users/Hamza/.m2/repository/org/brotli/dec/0.1.2/dec-0.1.2.jar:/Users/Hamza/.m2/repository/org/apache/httpcomponents/client5/httpclient5/5.1.3/httpclient5-5.1.3.jar:/Users/Hamza/.m2/repository/org/apache/httpcomponents/core5/httpcore5/5.1.3/httpcore5-5.1.3.jar:/Users/Hamza/.m2/repository/org/apache/httpcomponents/core5/httpcore5-h2/5.1.3/httpcore5-h2-5.1.3.jar:/Users/Hamza/.m2/repository/com/fasterxml/jackson/core/jackson-core/2.14.2/jackson-core-2.14.2.jar:/Users/Hamza/.m2/repository/org/slf4j/slf4j-api/2.0.6/slf4j-api-2.0.6.jar:/Users/Hamza/.m2/repository/ch/qos/logback/logback-classic/1.4.5/logback-classic-1.4.5.jar:/Users/Hamza/.m2/repository/ch/qos/logback/logback-core/1.4.5/logback-core-1.4.5.jar:"/>
    <property name="java.vm.vendor" value="Homebrew"/>
    <property name="sun.arch.data.model" value="64"/>
    <property name="java.vendor.url" value="https://github.com/Homebrew/homebrew-core/issues"/>
    <property name="user.timezone" value="Europe/Brussels"/>
    <property name="os.name" value="Mac OS X"/>
    <property name="java.vm.specification.version" value="19"/>
    <property name="sun.java.launcher" value="SUN_STANDARD"/>
    <property name="user.country" value="TR"/>
    <property name="sun.boot.library.path" value="/opt/homebrew/Cellar/openjdk/19.0.2/libexec/openjdk.jdk/Contents/Home/lib"/>
    <property name="sun.java.command" value="/Users/Hamza/IdeaProjects/universitystore/target/surefire/surefirebooter-20230307133318628_3.jar /Users/Hamza/IdeaProjects/universitystore/target/surefire 2023-03-07T13-33-18_293-jvmRun1 surefire-20230307133318628_1tmp surefire_0-20230307133318628_2tmp"/>
    <property name="http.nonProxyHosts" value="local|*.local|169.254/16|*.169.254/16"/>
    <property name="jdk.debug" value="release"/>
    <property name="surefire.test.class.path" value="/Users/Hamza/IdeaProjects/universitystore/target/test-classes:/Users/Hamza/IdeaProjects/universitystore/target/classes:/Users/Hamza/.m2/repository/org/seleniumhq/selenium/selenium-java/4.8.1/selenium-java-4.8.1.jar:/Users/Hamza/.m2/repository/org/seleniumhq/selenium/selenium-api/4.8.1/selenium-api-4.8.1.jar:/Users/Hamza/.m2/repository/org/seleniumhq/selenium/selenium-chrome-driver/4.8.1/selenium-chrome-driver-4.8.1.jar:/Users/Hamza/.m2/repository/com/google/auto/service/auto-service-annotations/1.0.1/auto-service-annotations-1.0.1.jar:/Users/Hamza/.m2/repository/com/google/auto/service/auto-service/1.0.1/auto-service-1.0.1.jar:/Users/Hamza/.m2/repository/com/google/auto/auto-common/1.2/auto-common-1.2.jar:/Users/Hamza/.m2/repository/com/google/guava/guava/31.1-jre/guava-31.1-jre.jar:/Users/Hamza/.m2/repository/com/google/guava/failureaccess/1.0.1/failureaccess-1.0.1.jar:/Users/Hamza/.m2/repository/com/google/guava/listenablefuture/9999.0-empty-to-avoid-conflict-with-guava/listenablefuture-9999.0-empty-to-avoid-conflict-with-guava.jar:/Users/Hamza/.m2/repository/com/google/code/findbugs/jsr305/3.0.2/jsr305-3.0.2.jar:/Users/Hamza/.m2/repository/org/checkerframework/checker-qual/3.12.0/checker-qual-3.12.0.jar:/Users/Hamza/.m2/repository/com/google/errorprone/error_prone_annotations/2.11.0/error_prone_annotations-2.11.0.jar:/Users/Hamza/.m2/repository/com/google/j2objc/j2objc-annotations/1.3/j2objc-annotations-1.3.jar:/Users/Hamza/.m2/repository/org/seleniumhq/selenium/selenium-chromium-driver/4.8.1/selenium-chromium-driver-4.8.1.jar:/Users/Hamza/.m2/repository/org/seleniumhq/selenium/selenium-json/4.8.1/selenium-json-4.8.1.jar:/Users/Hamza/.m2/repository/org/seleniumhq/selenium/selenium-devtools-v108/4.8.1/selenium-devtools-v108-4.8.1.jar:/Users/Hamza/.m2/repository/org/seleniumhq/selenium/selenium-devtools-v109/4.8.1/selenium-devtools-v109-4.8.1.jar:/Users/Hamza/.m2/repository/org/seleniumhq/selenium/selenium-devtools-v110/4.8.1/selenium-devtools-v110-4.8.1.jar:/Users/Hamza/.m2/repository/org/seleniumhq/selenium/selenium-devtools-v85/4.8.1/selenium-devtools-v85-4.8.1.jar:/Users/Hamza/.m2/repository/org/seleniumhq/selenium/selenium-edge-driver/4.8.1/selenium-edge-driver-4.8.1.jar:/Users/Hamza/.m2/repository/org/seleniumhq/selenium/selenium-firefox-driver/4.8.1/selenium-firefox-driver-4.8.1.jar:/Users/Hamza/.m2/repository/org/seleniumhq/selenium/selenium-http/4.8.1/selenium-http-4.8.1.jar:/Users/Hamza/.m2/repository/dev/failsafe/failsafe/3.3.0/failsafe-3.3.0.jar:/Users/Hamza/.m2/repository/org/seleniumhq/selenium/selenium-ie-driver/4.8.1/selenium-ie-driver-4.8.1.jar:/Users/Hamza/.m2/repository/org/seleniumhq/selenium/selenium-remote-driver/4.8.1/selenium-remote-driver-4.8.1.jar:/Users/Hamza/.m2/repository/com/beust/jcommander/1.82/jcommander-1.82.jar:/Users/Hamza/.m2/repository/io/netty/netty-buffer/4.1.87.Final/netty-buffer-4.1.87.Final.jar:/Users/Hamza/.m2/repository/io/netty/netty-codec-http/4.1.87.Final/netty-codec-http-4.1.87.Final.jar:/Users/Hamza/.m2/repository/io/netty/netty-codec/4.1.87.Final/netty-codec-4.1.87.Final.jar:/Users/Hamza/.m2/repository/io/netty/netty-handler/4.1.87.Final/netty-handler-4.1.87.Final.jar:/Users/Hamza/.m2/repository/io/netty/netty-common/4.1.87.Final/netty-common-4.1.87.Final.jar:/Users/Hamza/.m2/repository/io/netty/netty-transport-classes-epoll/4.1.87.Final/netty-transport-classes-epoll-4.1.87.Final.jar:/Users/Hamza/.m2/repository/io/netty/netty-transport-classes-kqueue/4.1.87.Final/netty-transport-classes-kqueue-4.1.87.Final.jar:/Users/Hamza/.m2/repository/io/netty/netty-transport-native-epoll/4.1.87.Final/netty-transport-native-epoll-4.1.87.Final.jar:/Users/Hamza/.m2/repository/io/netty/netty-transport-native-kqueue/4.1.87.Final/netty-transport-native-kqueue-4.1.87.Final.jar:/Users/Hamza/.m2/repository/io/netty/netty-transport-native-unix-common/4.1.87.Final/netty-transport-native-unix-common-4.1.87.Final.jar:/Users/Hamza/.m2/repository/io/netty/netty-transport/4.1.87.Final/netty-transport-4.1.87.Final.jar:/Users/Hamza/.m2/repository/io/netty/netty-resolver/4.1.87.Final/netty-resolver-4.1.87.Final.jar:/Users/Hamza/.m2/repository/io/opentelemetry/opentelemetry-api/1.22.0/opentelemetry-api-1.22.0.jar:/Users/Hamza/.m2/repository/io/opentelemetry/opentelemetry-context/1.22.0/opentelemetry-context-1.22.0.jar:/Users/Hamza/.m2/repository/io/opentelemetry/opentelemetry-exporter-logging/1.22.0/opentelemetry-exporter-logging-1.22.0.jar:/Users/Hamza/.m2/repository/io/opentelemetry/opentelemetry-sdk-metrics/1.22.0/opentelemetry-sdk-metrics-1.22.0.jar:/Users/Hamza/.m2/repository/io/opentelemetry/opentelemetry-sdk-logs/1.22.0-alpha/opentelemetry-sdk-logs-1.22.0-alpha.jar:/Users/Hamza/.m2/repository/io/opentelemetry/opentelemetry-api-logs/1.22.0-alpha/opentelemetry-api-logs-1.22.0-alpha.jar:/Users/Hamza/.m2/repository/io/opentelemetry/opentelemetry-sdk-common/1.22.0/opentelemetry-sdk-common-1.22.0.jar:/Users/Hamza/.m2/repository/io/opentelemetry/opentelemetry-sdk-extension-autoconfigure-spi/1.22.0/opentelemetry-sdk-extension-autoconfigure-spi-1.22.0.jar:/Users/Hamza/.m2/repository/io/opentelemetry/opentelemetry-sdk-extension-autoconfigure/1.22.0-alpha/opentelemetry-sdk-extension-autoconfigure-1.22.0-alpha.jar:/Users/Hamza/.m2/repository/io/opentelemetry/opentelemetry-sdk-trace/1.22.0/opentelemetry-sdk-trace-1.22.0.jar:/Users/Hamza/.m2/repository/io/opentelemetry/opentelemetry-sdk/1.22.0/opentelemetry-sdk-1.22.0.jar:/Users/Hamza/.m2/repository/io/opentelemetry/opentelemetry-semconv/1.22.0-alpha/opentelemetry-semconv-1.22.0-alpha.jar:/Users/Hamza/.m2/repository/io/ous/jtoml/2.0.0/jtoml-2.0.0.jar:/Users/Hamza/.m2/repository/net/bytebuddy/byte-buddy/1.12.22/byte-buddy-1.12.22.jar:/Users/Hamza/.m2/repository/org/apache/commons/commons-exec/1.3/commons-exec-1.3.jar:/Users/Hamza/.m2/repository/org/asynchttpclient/async-http-client/2.12.3/async-http-client-2.12.3.jar:/Users/Hamza/.m2/repository/org/asynchttpclient/async-http-client-netty-utils/2.12.3/async-http-client-netty-utils-2.12.3.jar:/Users/Hamza/.m2/repository/io/netty/netty-codec-socks/4.1.60.Final/netty-codec-socks-4.1.60.Final.jar:/Users/Hamza/.m2/repository/io/netty/netty-handler-proxy/4.1.60.Final/netty-handler-proxy-4.1.60.Final.jar:/Users/Hamza/.m2/repository/io/netty/netty-transport-native-epoll/4.1.60.Final/netty-transport-native-epoll-4.1.60.Final-linux-x86_64.jar:/Users/Hamza/.m2/repository/io/netty/netty-transport-native-kqueue/4.1.60.Final/netty-transport-native-kqueue-4.1.60.Final-osx-x86_64.jar:/Users/Hamza/.m2/repository/org/reactivestreams/reactive-streams/1.0.3/reactive-streams-1.0.3.jar:/Users/Hamza/.m2/repository/com/typesafe/netty/netty-reactive-streams/2.0.4/netty-reactive-streams-2.0.4.jar:/Users/Hamza/.m2/repository/com/sun/activation/jakarta.activation/1.2.2/jakarta.activation-1.2.2.jar:/Users/Hamza/.m2/repository/org/seleniumhq/selenium/selenium-manager/4.8.1/selenium-manager-4.8.1.jar:/Users/Hamza/.m2/repository/org/seleniumhq/selenium/selenium-safari-driver/4.8.1/selenium-safari-driver-4.8.1.jar:/Users/Hamza/.m2/repository/org/seleniumhq/selenium/selenium-support/4.8.1/selenium-support-4.8.1.jar:/Users/Hamza/.m2/repository/io/cucumber/cucumber-java/7.1.0/cucumber-java-7.1.0.jar:/Users/Hamza/.m2/repository/io/cucumber/cucumber-core/7.1.0/cucumber-core-7.1.0.jar:/Users/Hamza/.m2/repository/io/cucumber/cucumber-gherkin/7.1.0/cucumber-gherkin-7.1.0.jar:/Users/Hamza/.m2/repository/io/cucumber/cucumber-gherkin-messages/7.1.0/cucumber-gherkin-messages-7.1.0.jar:/Users/Hamza/.m2/repository/io/cucumber/messages/17.1.1/messages-17.1.1.jar:/Users/Hamza/.m2/repository/io/cucumber/tag-expressions/4.1.0/tag-expressions-4.1.0.jar:/Users/Hamza/.m2/repository/io/cucumber/cucumber-expressions/13.0.1/cucumber-expressions-13.0.1.jar:/Users/Hamza/.m2/repository/io/cucumber/datatable/7.1.0/datatable-7.1.0.jar:/Users/Hamza/.m2/repository/io/cucumber/cucumber-plugin/7.1.0/cucumber-plugin-7.1.0.jar:/Users/Hamza/.m2/repository/io/cucumber/docstring/7.1.0/docstring-7.1.0.jar:/Users/Hamza/.m2/repository/io/cucumber/html-formatter/17.0.0/html-formatter-17.0.0.jar:/Users/Hamza/.m2/repository/io/cucumber/create-meta/6.0.4/create-meta-6.0.4.jar:/Users/Hamza/.m2/repository/org/apiguardian/apiguardian-api/1.1.2/apiguardian-api-1.1.2.jar:/Users/Hamza/.m2/repository/io/cucumber/cucumber-junit/7.1.0/cucumber-junit-7.1.0.jar:/Users/Hamza/.m2/repository/junit/junit/4.13.2/junit-4.13.2.jar:/Users/Hamza/.m2/repository/org/hamcrest/hamcrest-core/1.3/hamcrest-core-1.3.jar:/Users/Hamza/.m2/repository/io/rest-assured/rest-assured/5.3.0/rest-assured-5.3.0.jar:/Users/Hamza/.m2/repository/org/apache/groovy/groovy/4.0.6/groovy-4.0.6.jar:/Users/Hamza/.m2/repository/org/apache/groovy/groovy-xml/4.0.6/groovy-xml-4.0.6.jar:/Users/Hamza/.m2/repository/org/apache/httpcomponents/httpclient/4.5.13/httpclient-4.5.13.jar:/Users/Hamza/.m2/repository/org/apache/httpcomponents/httpcore/4.4.13/httpcore-4.4.13.jar:/Users/Hamza/.m2/repository/commons-logging/commons-logging/1.2/commons-logging-1.2.jar:/Users/Hamza/.m2/repository/commons-codec/commons-codec/1.11/commons-codec-1.11.jar:/Users/Hamza/.m2/repository/org/apache/httpcomponents/httpmime/4.5.13/httpmime-4.5.13.jar:/Users/Hamza/.m2/repository/org/hamcrest/hamcrest/2.1/hamcrest-2.1.jar:/Users/Hamza/.m2/repository/org/ccil/cowan/tagsoup/tagsoup/1.2.1/tagsoup-1.2.1.jar:/Users/Hamza/.m2/repository/io/rest-assured/json-path/5.3.0/json-path-5.3.0.jar:/Users/Hamza/.m2/repository/org/apache/groovy/groovy-json/4.0.6/groovy-json-4.0.6.jar:/Users/Hamza/.m2/repository/io/rest-assured/rest-assured-common/5.3.0/rest-assured-common-5.3.0.jar:/Users/Hamza/.m2/repository/io/rest-assured/xml-path/5.3.0/xml-path-5.3.0.jar:/Users/Hamza/.m2/repository/org/apache/commons/commons-lang3/3.11/commons-lang3-3.11.jar:/Users/Hamza/.m2/repository/org/apache/poi/poi-ooxml/5.2.3/poi-ooxml-5.2.3.jar:/Users/Hamza/.m2/repository/org/apache/poi/poi/5.2.3/poi-5.2.3.jar:/Users/Hamza/.m2/repository/org/apache/commons/commons-math3/3.6.1/commons-math3-3.6.1.jar:/Users/Hamza/.m2/repository/com/zaxxer/SparseBitSet/1.2/SparseBitSet-1.2.jar:/Users/Hamza/.m2/repository/org/apache/poi/poi-ooxml-lite/5.2.3/poi-ooxml-lite-5.2.3.jar:/Users/Hamza/.m2/repository/org/apache/xmlbeans/xmlbeans/5.1.1/xmlbeans-5.1.1.jar:/Users/Hamza/.m2/repository/org/apache/commons/commons-compress/1.21/commons-compress-1.21.jar:/Users/Hamza/.m2/repository/commons-io/commons-io/2.11.0/commons-io-2.11.0.jar:/Users/Hamza/.m2/repository/com/github/virtuald/curvesapi/1.07/curvesapi-1.07.jar:/Users/Hamza/.m2/repository/org/apache/logging/log4j/log4j-api/2.18.0/log4j-api-2.18.0.jar:/Users/Hamza/.m2/repository/org/apache/commons/commons-collections4/4.4/commons-collections4-4.4.jar:/Users/Hamza/.m2/repository/com/google/code/gson/gson/2.8.9/gson-2.8.9.jar:/Users/Hamza/.m2/repository/org/projectlombok/lombok/1.18.22/lombok-1.18.22.jar:/Users/Hamza/.m2/repository/io/github/bonigarcia/webdrivermanager/5.1.1/webdrivermanager-5.1.1.jar:/Users/Hamza/.m2/repository/com/github/docker-java/docker-java/3.2.13/docker-java-3.2.13.jar:/Users/Hamza/.m2/repository/com/github/docker-java/docker-java-core/3.2.13/docker-java-core-3.2.13.jar:/Users/Hamza/.m2/repository/com/github/docker-java/docker-java-api/3.2.13/docker-java-api-3.2.13.jar:/Users/Hamza/.m2/repository/com/fasterxml/jackson/core/jackson-annotations/2.10.3/jackson-annotations-2.10.3.jar:/Users/Hamza/.m2/repository/com/fasterxml/jackson/core/jackson-databind/2.10.3/jackson-databind-2.10.3.jar:/Users/Hamza/.m2/repository/org/bouncycastle/bcpkix-jdk15on/1.64/bcpkix-jdk15on-1.64.jar:/Users/Hamza/.m2/repository/org/bouncycastle/bcprov-jdk15on/1.64/bcprov-jdk15on-1.64.jar:/Users/Hamza/.m2/repository/org/slf4j/jcl-over-slf4j/1.7.30/jcl-over-slf4j-1.7.30.jar:/Users/Hamza/.m2/repository/com/github/docker-java/docker-java-transport-httpclient5/3.2.13/docker-java-transport-httpclient5-3.2.13.jar:/Users/Hamza/.m2/repository/com/github/docker-java/docker-java-transport/3.2.13/docker-java-transport-3.2.13.jar:/Users/Hamza/.m2/repository/net/java/dev/jna/jna/5.8.0/jna-5.8.0.jar:/Users/Hamza/.m2/repository/org/brotli/dec/0.1.2/dec-0.1.2.jar:/Users/Hamza/.m2/repository/org/apache/httpcomponents/client5/httpclient5/5.1.3/httpclient5-5.1.3.jar:/Users/Hamza/.m2/repository/org/apache/httpcomponents/core5/httpcore5/5.1.3/httpcore5-5.1.3.jar:/Users/Hamza/.m2/repository/org/apache/httpcomponents/core5/httpcore5-h2/5.1.3/httpcore5-h2-5.1.3.jar:/Users/Hamza/.m2/repository/com/fasterxml/jackson/core/jackson-core/2.14.2/jackson-core-2.14.2.jar:/Users/Hamza/.m2/repository/org/slf4j/slf4j-api/2.0.6/slf4j-api-2.0.6.jar:/Users/Hamza/.m2/repository/ch/qos/logback/logback-classic/1.4.5/logback-classic-1.4.5.jar:/Users/Hamza/.m2/repository/ch/qos/logback/logback-core/1.4.5/logback-core-1.4.5.jar:"/>
    <property name="sun.cpu.endian" value="little"/>
    <property name="user.home" value="/Users/Hamza"/>
    <property name="user.language" value="en"/>
    <property name="java.specification.vendor" value="Oracle Corporation"/>
    <property name="java.version.date" value="2023-01-17"/>
    <property name="java.home" value="/opt/homebrew/Cellar/openjdk/19.0.2/libexec/openjdk.jdk/Contents/Home"/>
    <property name="file.separator" value="/"/>
    <property name="basedir" value="/Users/Hamza/IdeaProjects/universitystore"/>
    <property name="java.vm.compressedOopsMode" value="Zero based"/>
    <property name="line.separator" value="&#10;"/>
    <property name="java.vm.specification.vendor" value="Oracle Corporation"/>
    <property name="java.specification.name" value="Java Platform API Specification"/>
    <property name="apple.awt.application.name" value="ForkedBooter"/>
    <property name="surefire.real.class.path" value="/Users/Hamza/IdeaProjects/universitystore/target/surefire/surefirebooter-20230307133318628_3.jar"/>
    <property name="sun.management.compiler" value="HotSpot 64-Bit Tiered Compilers"/>
    <property name="ftp.nonProxyHosts" value="local|*.local|169.254/16|*.169.254/16"/>
    <property name="java.runtime.version" value="19.0.2"/>
    <property name="user.name" value="Hamza"/>
    <property name="stdout.encoding" value="UTF-8"/>
    <property name="path.separator" value=":"/>
    <property name="os.version" value="12.6"/>
    <property name="java.runtime.name" value="OpenJDK Runtime Environment"/>
    <property name="file.encoding" value="UTF-8"/>
    <property name="java.vm.name" value="OpenJDK 64-Bit Server VM"/>
    <property name="java.vendor.version" value="Homebrew"/>
    <property name="localRepository" value="/Users/Hamza/.m2/repository"/>
    <property name="java.vendor.url.bug" value="https://github.com/Homebrew/homebrew-core/issues"/>
    <property name="java.io.tmpdir" value="/var/folders/bf/6vszkv053qj_cdftck94mtqh0000gp/T/"/>
    <property name="java.version" value="19.0.2"/>
    <property name="user.dir" value="/Users/Hamza/IdeaProjects/universitystore"/>
    <property name="os.arch" value="aarch64"/>
    <property name="java.vm.specification.name" value="Java Virtual Machine Specification"/>
    <property name="native.encoding" value="UTF-8"/>
    <property name="java.library.path" value="/Users/Hamza/Library/Java/Extensions:/Library/Java/Extensions:/Network/Library/Java/Extensions:/System/Library/Java/Extensions:/usr/lib/java:."/>
    <property name="java.vm.info" value="mixed mode, sharing"/>
    <property name="stderr.encoding" value="UTF-8"/>
    <property name="java.vendor" value="Homebrew"/>
    <property name="java.vm.version" value="19.0.2"/>
    <property name="sun.io.unicode.encoding" value="UnicodeBig"/>
    <property name="socksNonProxyHosts" value="local|*.local|169.254/16|*.169.254/16"/>
    <property name="java.class.version" value="63.0"/>
  </properties>
  <testcase name="The user successfully logs in with valid credentials." classname="Product Login" time="7.521">
    <system-out><![CDATA[
@smoke @login @hamza
Scenario: The user successfully logs in with valid credentials.                            &amp#27;[90m# src/test/resources/features/LoginProcess.feature:12&amp#27;[0m
13:33:19.138 [pool-3-thread-1] INFO com.dangelsin.step_definitions.Hooks - :::: Starting test automation ::::
13:33:19.140 [pool-3-thread-1] INFO com.dangelsin.step_definitions.Hooks - Browser type :: chrome
13:33:19.140 [pool-3-thread-1] INFO com.dangelsin.step_definitions.Hooks - Environment :: http://secure.smartbearsoftware.com/samples/testcomplete12/weborders
13:33:19.140 [pool-3-thread-1] INFO com.dangelsin.step_definitions.Hooks - Test scenario :: The user successfully logs in with valid credentials.
13:33:19.287 [pool-3-thread-1] DEBUG io.github.bonigarcia.wdm.cache.ResolutionCache - Resolution chrome=109 in cache (valid until 14:32:51 07/03/2023 CET)
13:33:19.287 [pool-3-thread-1] DEBUG io.github.bonigarcia.wdm.cache.ResolutionCache - Resolution chrome109=109.0.5414.74 in cache (valid until 13:32:51 08/03/2023 CET)
13:33:19.287 [pool-3-thread-1] INFO io.github.bonigarcia.wdm.WebDriverManager - Using chromedriver 109.0.5414.74 (resolved driver for Chrome 109)
13:33:19.294 [pool-3-thread-1] DEBUG io.github.bonigarcia.wdm.WebDriverManager - Driver chromedriver 109.0.5414.74 found in cache
13:33:19.294 [pool-3-thread-1] INFO io.github.bonigarcia.wdm.WebDriverManager - Exporting webdriver.chrome.driver as /Users/Hamza/.cache/selenium/chromedriver/mac-arm64/109.0.5414.74/chromedriver
13:33:19.334 [pool-3-thread-1] DEBUG io.netty.util.internal.logging.InternalLoggerFactory - Using SLF4J as the default logging framework
13:33:19.335 [pool-3-thread-1] DEBUG io.netty.util.ResourceLeakDetector - -Dio.netty.leakDetection.level: simple
13:33:19.335 [pool-3-thread-1] DEBUG io.netty.util.ResourceLeakDetector - -Dio.netty.leakDetection.targetRecords: 4
13:33:19.337 [pool-3-thread-1] DEBUG io.netty.util.ResourceLeakDetectorFactory - Loaded default ResourceLeakDetector: io.netty.util.ResourceLeakDetector@3896a51
13:33:19.342 [pool-3-thread-1] DEBUG io.netty.util.internal.PlatformDependent0 - -Dio.netty.noUnsafe: false
13:33:19.342 [pool-3-thread-1] DEBUG io.netty.util.internal.PlatformDependent0 - Java version: 19
13:33:19.343 [pool-3-thread-1] DEBUG io.netty.util.internal.PlatformDependent0 - sun.misc.Unsafe.theUnsafe: available
13:33:19.343 [pool-3-thread-1] DEBUG io.netty.util.internal.PlatformDependent0 - sun.misc.Unsafe.copyMemory: available
13:33:19.343 [pool-3-thread-1] DEBUG io.netty.util.internal.PlatformDependent0 - sun.misc.Unsafe.storeFence: available
13:33:19.344 [pool-3-thread-1] DEBUG io.netty.util.internal.PlatformDependent0 - java.nio.Buffer.address: available
13:33:19.344 [pool-3-thread-1] DEBUG io.netty.util.internal.PlatformDependent0 - direct buffer constructor: unavailable: Reflective setAccessible(true) disabled
13:33:19.344 [pool-3-thread-1] DEBUG io.netty.util.internal.PlatformDependent0 - java.nio.Bits.unaligned: available, true
13:33:19.344 [pool-3-thread-1] DEBUG io.netty.util.internal.PlatformDependent0 - jdk.internal.misc.Unsafe.allocateUninitializedArray(int): unavailable: class io.netty.util.internal.PlatformDependent0$7 cannot access class jdk.internal.misc.Unsafe (in module java.base) because module java.base does not export jdk.internal.misc to unnamed module @5db54e92
13:33:19.345 [pool-3-thread-1] DEBUG io.netty.util.internal.PlatformDependent0 - java.nio.DirectByteBuffer.<init>(long, int): unavailable
13:33:19.345 [pool-3-thread-1] DEBUG io.netty.util.internal.PlatformDependent - sun.misc.Unsafe: available
13:33:19.345 [pool-3-thread-1] DEBUG io.netty.util.internal.PlatformDependent - maxDirectMemory: 4294967296 bytes (maybe)
13:33:19.345 [pool-3-thread-1] DEBUG io.netty.util.internal.PlatformDependent - -Dio.netty.tmpdir: /var/folders/bf/6vszkv053qj_cdftck94mtqh0000gp/T (java.io.tmpdir)
13:33:19.345 [pool-3-thread-1] DEBUG io.netty.util.internal.PlatformDependent - -Dio.netty.bitMode: 64 (sun.arch.data.model)
13:33:19.345 [pool-3-thread-1] DEBUG io.netty.util.internal.PlatformDependent - Platform: MacOS
13:33:19.345 [pool-3-thread-1] DEBUG io.netty.util.internal.PlatformDependent - -Dio.netty.maxDirectMemory: -1 bytes
13:33:19.345 [pool-3-thread-1] DEBUG io.netty.util.internal.PlatformDependent - -Dio.netty.uninitializedArrayAllocationThreshold: -1
13:33:19.346 [pool-3-thread-1] DEBUG io.netty.util.internal.CleanerJava9 - java.nio.ByteBuffer.cleaner(): available
13:33:19.346 [pool-3-thread-1] DEBUG io.netty.util.internal.PlatformDependent - -Dio.netty.noPreferDirect: false
13:33:19.348 [pool-3-thread-1] DEBUG io.netty.util.internal.PlatformDependent - org.jctools-core.MpscChunkedArrayQueue: available
13:33:19.355 [pool-3-thread-1] DEBUG io.netty.util.internal.InternalThreadLocalMap - -Dio.netty.threadLocalMap.stringBuilder.initialSize: 1024
13:33:19.355 [pool-3-thread-1] DEBUG io.netty.util.internal.InternalThreadLocalMap - -Dio.netty.threadLocalMap.stringBuilder.maxSize: 4096
13:33:19.369 [pool-3-thread-1] DEBUG io.netty.handler.ssl.JdkSslContext - Default protocols (JDK): [TLSv1.3, TLSv1.2] 
13:33:19.369 [pool-3-thread-1] DEBUG io.netty.handler.ssl.JdkSslContext - Default cipher suites (JDK): [TLS_ECDHE_ECDSA_WITH_AES_256_GCM_SHA384, TLS_ECDHE_ECDSA_WITH_AES_128_GCM_SHA256, TLS_ECDHE_RSA_WITH_AES_128_GCM_SHA256, TLS_ECDHE_RSA_WITH_AES_256_GCM_SHA384, TLS_ECDHE_RSA_WITH_AES_128_CBC_SHA, TLS_ECDHE_RSA_WITH_AES_256_CBC_SHA, TLS_RSA_WITH_AES_128_GCM_SHA256, TLS_RSA_WITH_AES_128_CBC_SHA, TLS_RSA_WITH_AES_256_CBC_SHA, TLS_AES_128_GCM_SHA256, TLS_AES_256_GCM_SHA384]
13:33:19.377 [pool-3-thread-1] DEBUG io.netty.channel.MultithreadEventLoopGroup - -Dio.netty.eventLoopThreads: 16
13:33:19.384 [pool-3-thread-1] DEBUG io.netty.channel.nio.NioEventLoop - -Dio.netty.noKeySetOptimization: false
13:33:19.384 [pool-3-thread-1] DEBUG io.netty.channel.nio.NioEventLoop - -Dio.netty.selectorAutoRebuildThreshold: 512
13:33:19.395 [pool-3-thread-1] DEBUG io.netty.buffer.PooledByteBufAllocator - -Dio.netty.allocator.numHeapArenas: 16
13:33:19.395 [pool-3-thread-1] DEBUG io.netty.buffer.PooledByteBufAllocator - -Dio.netty.allocator.numDirectArenas: 16
13:33:19.395 [pool-3-thread-1] DEBUG io.netty.buffer.PooledByteBufAllocator - -Dio.netty.allocator.pageSize: 8192
13:33:19.395 [pool-3-thread-1] DEBUG io.netty.buffer.PooledByteBufAllocator - -Dio.netty.allocator.maxOrder: 9
13:33:19.395 [pool-3-thread-1] DEBUG io.netty.buffer.PooledByteBufAllocator - -Dio.netty.allocator.chunkSize: 4194304
13:33:19.395 [pool-3-thread-1] DEBUG io.netty.buffer.PooledByteBufAllocator - -Dio.netty.allocator.smallCacheSize: 256
13:33:19.395 [pool-3-thread-1] DEBUG io.netty.buffer.PooledByteBufAllocator - -Dio.netty.allocator.normalCacheSize: 64
13:33:19.395 [pool-3-thread-1] DEBUG io.netty.buffer.PooledByteBufAllocator - -Dio.netty.allocator.maxCachedBufferCapacity: 32768
13:33:19.395 [pool-3-thread-1] DEBUG io.netty.buffer.PooledByteBufAllocator - -Dio.netty.allocator.cacheTrimInterval: 8192
13:33:19.395 [pool-3-thread-1] DEBUG io.netty.buffer.PooledByteBufAllocator - -Dio.netty.allocator.cacheTrimIntervalMillis: 0
13:33:19.395 [pool-3-thread-1] DEBUG io.netty.buffer.PooledByteBufAllocator - -Dio.netty.allocator.useCacheForAllThreads: false
13:33:19.395 [pool-3-thread-1] DEBUG io.netty.buffer.PooledByteBufAllocator - -Dio.netty.allocator.maxCachedByteBuffersPerChunk: 1023
13:33:19.399 [pool-3-thread-1] DEBUG io.netty.buffer.ByteBufUtil - -Dio.netty.allocator.type: pooled
13:33:19.399 [pool-3-thread-1] DEBUG io.netty.buffer.ByteBufUtil - -Dio.netty.threadLocalDirectBufferSize: 0
13:33:19.399 [pool-3-thread-1] DEBUG io.netty.buffer.ByteBufUtil - -Dio.netty.maxThreadLocalCharBufferSize: 16384
13:33:19.544 [Forwarding newSession on session null to remote] DEBUG io.netty.channel.DefaultChannelId - -Dio.netty.processId: 28788 (auto-detected)
13:33:19.545 [Forwarding newSession on session null to remote] DEBUG io.netty.util.NetUtil - -Djava.net.preferIPv4Stack: false
13:33:19.545 [Forwarding newSession on session null to remote] DEBUG io.netty.util.NetUtil - -Djava.net.preferIPv6Addresses: false
13:33:19.547 [Forwarding newSession on session null to remote] DEBUG io.netty.util.NetUtilInitializations - Loopback interface: lo0 (lo0, 0:0:0:0:0:0:0:1%lo0)
13:33:19.547 [Forwarding newSession on session null to remote] DEBUG io.netty.util.NetUtil - Failed to get SOMAXCONN from sysctl and file /proc/sys/net/core/somaxconn. Default: 128
13:33:19.548 [Forwarding newSession on session null to remote] DEBUG io.netty.channel.DefaultChannelId - -Dio.netty.machineId: b0:be:83:ff:fe:7a:b7:f2 (auto-detected)
13:33:19.565 [AsyncHttpClient-1-2] DEBUG io.netty.buffer.AbstractByteBuf - -Dio.netty.buffer.checkAccessible: true
13:33:19.565 [AsyncHttpClient-1-2] DEBUG io.netty.buffer.AbstractByteBuf - -Dio.netty.buffer.checkBounds: true
13:33:19.565 [AsyncHttpClient-1-2] DEBUG io.netty.util.ResourceLeakDetectorFactory - Loaded default ResourceLeakDetector: io.netty.util.ResourceLeakDetector@d022ac6
13:33:19.571 [AsyncHttpClient-1-2] DEBUG org.asynchttpclient.netty.channel.NettyConnectListener - Using new Channel '[id: 0xb681ee82, L:/127.0.0.1:60902 - R:localhost/127.0.0.1:6845]' for 'POST' to '/session'
13:33:19.576 [AsyncHttpClient-1-2] DEBUG io.netty.util.Recycler - -Dio.netty.recycler.maxCapacityPerThread: 4096
13:33:19.576 [AsyncHttpClient-1-2] DEBUG io.netty.util.Recycler - -Dio.netty.recycler.ratio: 8
13:33:19.576 [AsyncHttpClient-1-2] DEBUG io.netty.util.Recycler - -Dio.netty.recycler.chunkSize: 32
13:33:19.576 [AsyncHttpClient-1-2] DEBUG io.netty.util.Recycler - -Dio.netty.recycler.blocking: false
13:33:20.337 [AsyncHttpClient-1-2] DEBUG io.netty.handler.codec.compression.Brotli - brotli4j not in the classpath; Brotli support will be unavailable.
13:33:20.337 [AsyncHttpClient-1-2] DEBUG org.asynchttpclient.netty.handler.HttpHandler - 

Request DefaultHttpRequest(decodeResult: success, version: HTTP/1.1)
POST /session HTTP/1.1
User-Agent: selenium/4.8.1 (java mac)
Content-Length: 425
Content-Type: application/json; charset=utf-8
host: localhost:6845
accept: */*

Response DefaultHttpResponse(decodeResult: success, version: HTTP/1.1)
HTTP/1.1 200 OK
Content-Length: 801
Content-Type: application/json; charset=utf-8
cache-control: no-cache

13:33:20.340 [AsyncHttpClient-1-2] DEBUG org.asynchttpclient.netty.channel.ChannelManager - Adding key: http://localhost:6845 for channel [id: 0xb681ee82, L:/127.0.0.1:60902 - R:localhost/127.0.0.1:6845]
13:33:20.378 [AsyncHttpClient-1-3] DEBUG org.asynchttpclient.netty.channel.NettyConnectListener - Using new Channel '[id: 0x3fe84742, L:/127.0.0.1:60908 - R:localhost/127.0.0.1:60904]' for 'GET' to '/json/version'
13:33:20.379 [AsyncHttpClient-1-3] DEBUG org.asynchttpclient.netty.handler.HttpHandler - 

Request DefaultFullHttpRequest(decodeResult: success, version: HTTP/1.1, content: EmptyByteBufBE)
GET /json/version HTTP/1.1
User-Agent: selenium/4.8.1 (java mac)
host: localhost:60904
accept: */*

Response DefaultHttpResponse(decodeResult: success, version: HTTP/1.1)
HTTP/1.1 200 OK
Content-Length: 422
Content-Type: application/json; charset=UTF-8

13:33:20.379 [AsyncHttpClient-1-3] DEBUG org.asynchttpclient.netty.channel.ChannelManager - Adding key: http://localhost:60904 for channel [id: 0x3fe84742, L:/127.0.0.1:60908 - R:localhost/127.0.0.1:60904]
13:33:20.382 [pool-3-thread-1] DEBUG io.netty.util.internal.ThreadLocalRandom - -Dio.netty.initialSeedUniquifier: 0xa5f0378ddc9d860d
13:33:20.384 [AsyncHttpClient-1-4] DEBUG org.asynchttpclient.netty.channel.NettyConnectListener - Using new Channel '[id: 0xad359d59, L:/127.0.0.1:60909 - R:localhost/127.0.0.1:60904]' for 'GET' to '/devtools/browser/ecbba9ee-e747-403e-b711-069750e17d44'
13:33:20.385 [AsyncHttpClient-1-4] DEBUG org.asynchttpclient.netty.handler.WebSocketHandler - 

Request DefaultFullHttpRequest(decodeResult: success, version: HTTP/1.1, content: EmptyByteBufBE)
GET /devtools/browser/ecbba9ee-e747-403e-b711-069750e17d44 HTTP/1.1
upgrade: websocket
connection: upgrade
sec-websocket-key: zolmY9p6aHdwmD5z5nv3Kw==
sec-websocket-version: 13
origin: http://localhost:60904
host: localhost:60904
accept: */*
user-agent: AHC/2.1

Response DefaultHttpResponse(decodeResult: success, version: HTTP/1.1)
HTTP/1.1 101 WebSocket Protocol Handshake
Upgrade: WebSocket
Connection: Upgrade
Sec-WebSocket-Accept: ChCCTWW1eSIBcchYz14OgnPIFAc=

13:33:20.402 [Forwarding maximizeCurrentWindow on session f0a6e15d86b25e597095605cea6e8e63 to remote] DEBUG org.asynchttpclient.netty.request.NettyRequestSender - Using pooled Channel '[id: 0xb681ee82, L:/127.0.0.1:60902 - R:localhost/127.0.0.1:6845]' for 'POST' to 'http://localhost:6845/session/f0a6e15d86b25e597095605cea6e8e63/window/maximize'
13:33:20.402 [Forwarding maximizeCurrentWindow on session f0a6e15d86b25e597095605cea6e8e63 to remote] DEBUG org.asynchttpclient.netty.request.NettyRequestSender - Using open Channel [id: 0xb681ee82, L:/127.0.0.1:60902 - R:localhost/127.0.0.1:6845] for POST '/session/f0a6e15d86b25e597095605cea6e8e63/window/maximize'
13:33:20.406 [AsyncHttpClient-1-2] DEBUG org.asynchttpclient.netty.handler.HttpHandler - 

Request DefaultHttpRequest(decodeResult: success, version: HTTP/1.1)
POST /session/f0a6e15d86b25e597095605cea6e8e63/window/maximize HTTP/1.1
User-Agent: selenium/4.8.1 (java mac)
Content-Length: 3
Content-Type: application/json; charset=utf-8
host: localhost:6845
accept: */*

Response DefaultHttpResponse(decodeResult: success, version: HTTP/1.1)
HTTP/1.1 200 OK
Content-Length: 50
Content-Type: application/json; charset=utf-8
cache-control: no-cache

13:33:20.406 [AsyncHttpClient-1-2] DEBUG org.asynchttpclient.netty.channel.ChannelManager - Adding key: http://localhost:6845 for channel [id: 0xb681ee82, L:/127.0.0.1:60902 - R:localhost/127.0.0.1:6845]
13:33:20.436 [Forwarding setTimeout on session f0a6e15d86b25e597095605cea6e8e63 to remote] DEBUG org.asynchttpclient.netty.request.NettyRequestSender - Using pooled Channel '[id: 0xb681ee82, L:/127.0.0.1:60902 - R:localhost/127.0.0.1:6845]' for 'POST' to 'http://localhost:6845/session/f0a6e15d86b25e597095605cea6e8e63/timeouts'
13:33:20.436 [Forwarding setTimeout on session f0a6e15d86b25e597095605cea6e8e63 to remote] DEBUG org.asynchttpclient.netty.request.NettyRequestSender - Using open Channel [id: 0xb681ee82, L:/127.0.0.1:60902 - R:localhost/127.0.0.1:6845] for POST '/session/f0a6e15d86b25e597095605cea6e8e63/timeouts'
13:33:20.441 [AsyncHttpClient-1-2] DEBUG org.asynchttpclient.netty.handler.HttpHandler - 

Request DefaultHttpRequest(decodeResult: success, version: HTTP/1.1)
POST /session/f0a6e15d86b25e597095605cea6e8e63/timeouts HTTP/1.1
User-Agent: selenium/4.8.1 (java mac)
Content-Length: 23
Content-Type: application/json; charset=utf-8
host: localhost:6845
accept: */*

Response DefaultHttpResponse(decodeResult: success, version: HTTP/1.1)
HTTP/1.1 200 OK
Content-Length: 14
Content-Type: application/json; charset=utf-8
cache-control: no-cache

13:33:20.441 [AsyncHttpClient-1-2] DEBUG org.asynchttpclient.netty.channel.ChannelManager - Adding key: http://localhost:6845 for channel [id: 0xb681ee82, L:/127.0.0.1:60902 - R:localhost/127.0.0.1:6845]
13:33:20.443 [Forwarding setTimeout on session f0a6e15d86b25e597095605cea6e8e63 to remote] DEBUG org.asynchttpclient.netty.request.NettyRequestSender - Using pooled Channel '[id: 0xb681ee82, L:/127.0.0.1:60902 - R:localhost/127.0.0.1:6845]' for 'POST' to 'http://localhost:6845/session/f0a6e15d86b25e597095605cea6e8e63/timeouts'
13:33:20.443 [Forwarding setTimeout on session f0a6e15d86b25e597095605cea6e8e63 to remote] DEBUG org.asynchttpclient.netty.request.NettyRequestSender - Using open Channel [id: 0xb681ee82, L:/127.0.0.1:60902 - R:localhost/127.0.0.1:6845] for POST '/session/f0a6e15d86b25e597095605cea6e8e63/timeouts'
13:33:20.443 [AsyncHttpClient-1-2] DEBUG org.asynchttpclient.netty.handler.HttpHandler - 

Request DefaultHttpRequest(decodeResult: success, version: HTTP/1.1)
POST /session/f0a6e15d86b25e597095605cea6e8e63/timeouts HTTP/1.1
User-Agent: selenium/4.8.1 (java mac)
Content-Length: 23
Content-Type: application/json; charset=utf-8
host: localhost:6845
accept: */*

Response DefaultHttpResponse(decodeResult: success, version: HTTP/1.1)
HTTP/1.1 200 OK
Content-Length: 14
Content-Type: application/json; charset=utf-8
cache-control: no-cache

13:33:20.444 [AsyncHttpClient-1-2] DEBUG org.asynchttpclient.netty.channel.ChannelManager - Adding key: http://localhost:6845 for channel [id: 0xb681ee82, L:/127.0.0.1:60902 - R:localhost/127.0.0.1:6845]
13:33:20.446 [Forwarding setTimeout on session f0a6e15d86b25e597095605cea6e8e63 to remote] DEBUG org.asynchttpclient.netty.request.NettyRequestSender - Using pooled Channel '[id: 0xb681ee82, L:/127.0.0.1:60902 - R:localhost/127.0.0.1:6845]' for 'POST' to 'http://localhost:6845/session/f0a6e15d86b25e597095605cea6e8e63/timeouts'
13:33:20.446 [Forwarding setTimeout on session f0a6e15d86b25e597095605cea6e8e63 to remote] DEBUG org.asynchttpclient.netty.request.NettyRequestSender - Using open Channel [id: 0xb681ee82, L:/127.0.0.1:60902 - R:localhost/127.0.0.1:6845] for POST '/session/f0a6e15d86b25e597095605cea6e8e63/timeouts'
13:33:20.447 [AsyncHttpClient-1-2] DEBUG org.asynchttpclient.netty.handler.HttpHandler - 

Request DefaultHttpRequest(decodeResult: success, version: HTTP/1.1)
POST /session/f0a6e15d86b25e597095605cea6e8e63/timeouts HTTP/1.1
User-Agent: selenium/4.8.1 (java mac)
Content-Length: 23
Content-Type: application/json; charset=utf-8
host: localhost:6845
accept: */*

Response DefaultHttpResponse(decodeResult: success, version: HTTP/1.1)
HTTP/1.1 200 OK
Content-Length: 14
Content-Type: application/json; charset=utf-8
cache-control: no-cache

13:33:20.447 [AsyncHttpClient-1-2] DEBUG org.asynchttpclient.netty.channel.ChannelManager - Adding key: http://localhost:6845 for channel [id: 0xb681ee82, L:/127.0.0.1:60902 - R:localhost/127.0.0.1:6845]
13:33:20.451 [Forwarding get on session f0a6e15d86b25e597095605cea6e8e63 to remote] DEBUG org.asynchttpclient.netty.request.NettyRequestSender - Using pooled Channel '[id: 0xb681ee82, L:/127.0.0.1:60902 - R:localhost/127.0.0.1:6845]' for 'POST' to 'http://localhost:6845/session/f0a6e15d86b25e597095605cea6e8e63/url'
13:33:20.451 [Forwarding get on session f0a6e15d86b25e597095605cea6e8e63 to remote] DEBUG org.asynchttpclient.netty.request.NettyRequestSender - Using open Channel [id: 0xb681ee82, L:/127.0.0.1:60902 - R:localhost/127.0.0.1:6845] for POST '/session/f0a6e15d86b25e597095605cea6e8e63/url'
13:33:20.453 [AsyncHttpClient-1-1] DEBUG org.asynchttpclient.netty.channel.DefaultChannelPool - Entry count for : http://localhost:60904 : 1
13:33:21.553 [AsyncHttpClient-1-1] DEBUG org.asynchttpclient.netty.channel.DefaultChannelPool - Entry count for : http://localhost:60904 : 1
13:33:22.653 [AsyncHttpClient-1-1] DEBUG org.asynchttpclient.netty.channel.DefaultChannelPool - Entry count for : http://localhost:60904 : 1
13:33:23.183 [AsyncHttpClient-1-2] DEBUG org.asynchttpclient.netty.handler.HttpHandler - 

Request DefaultHttpRequest(decodeResult: success, version: HTTP/1.1)
POST /session/f0a6e15d86b25e597095605cea6e8e63/url HTTP/1.1
User-Agent: selenium/4.8.1 (java mac)
Content-Length: 108
Content-Type: application/json; charset=utf-8
host: localhost:6845
accept: */*

Response DefaultHttpResponse(decodeResult: success, version: HTTP/1.1)
HTTP/1.1 200 OK
Content-Length: 14
Content-Type: application/json; charset=utf-8
cache-control: no-cache

13:33:23.183 [AsyncHttpClient-1-2] DEBUG org.asynchttpclient.netty.channel.ChannelManager - Adding key: http://localhost:6845 for channel [id: 0xb681ee82, L:/127.0.0.1:60902 - R:localhost/127.0.0.1:6845]
Open ::http://secure.smartbearsoftware.com/samples/testcomplete12/weborders
13:33:23.755 [AsyncHttpClient-1-1] DEBUG org.asynchttpclient.netty.channel.DefaultChannelPool - Entry count for : http://localhost:6845 : 1
13:33:23.755 [AsyncHttpClient-1-1] DEBUG org.asynchttpclient.netty.channel.DefaultChannelPool - Entry count for : http://localhost:60904 : 1
  &amp#27;[32mGiven &amp#27;[0m&amp#27;[32mthe user is on the login page&amp#27;[0m                                                      &amp#27;[90m# com.dangelsin.step_definitions.LoginProcessStepDefs.user_is_on_the_login_page()&amp#27;[0m
13:33:24.199 [Forwarding findElement on session f0a6e15d86b25e597095605cea6e8e63 to remote] DEBUG org.asynchttpclient.netty.request.NettyRequestSender - Using pooled Channel '[id: 0xb681ee82, L:/127.0.0.1:60902 - R:localhost/127.0.0.1:6845]' for 'POST' to 'http://localhost:6845/session/f0a6e15d86b25e597095605cea6e8e63/element'
13:33:24.199 [Forwarding findElement on session f0a6e15d86b25e597095605cea6e8e63 to remote] DEBUG org.asynchttpclient.netty.request.NettyRequestSender - Using open Channel [id: 0xb681ee82, L:/127.0.0.1:60902 - R:localhost/127.0.0.1:6845] for POST '/session/f0a6e15d86b25e597095605cea6e8e63/element'
13:33:24.215 [AsyncHttpClient-1-2] DEBUG org.asynchttpclient.netty.handler.HttpHandler - 

Request DefaultHttpRequest(decodeResult: success, version: HTTP/1.1)
POST /session/f0a6e15d86b25e597095605cea6e8e63/element HTTP/1.1
User-Agent: selenium/4.8.1 (java mac)
Content-Length: 71
Content-Type: application/json; charset=utf-8
host: localhost:6845
accept: */*

Response DefaultHttpResponse(decodeResult: success, version: HTTP/1.1)
HTTP/1.1 200 OK
Content-Length: 88
Content-Type: application/json; charset=utf-8
cache-control: no-cache

13:33:24.216 [AsyncHttpClient-1-2] DEBUG org.asynchttpclient.netty.channel.ChannelManager - Adding key: http://localhost:6845 for channel [id: 0xb681ee82, L:/127.0.0.1:60902 - R:localhost/127.0.0.1:6845]
13:33:24.221 [Forwarding sendKeysToElement on session f0a6e15d86b25e597095605cea6e8e63 to remote] DEBUG org.asynchttpclient.netty.request.NettyRequestSender - Using pooled Channel '[id: 0xb681ee82, L:/127.0.0.1:60902 - R:localhost/127.0.0.1:6845]' for 'POST' to 'http://localhost:6845/session/f0a6e15d86b25e597095605cea6e8e63/element/8a5e8d34-8907-4d26-83d2-8b01cad0b005/value'
13:33:24.221 [Forwarding sendKeysToElement on session f0a6e15d86b25e597095605cea6e8e63 to remote] DEBUG org.asynchttpclient.netty.request.NettyRequestSender - Using open Channel [id: 0xb681ee82, L:/127.0.0.1:60902 - R:localhost/127.0.0.1:6845] for POST '/session/f0a6e15d86b25e597095605cea6e8e63/element/8a5e8d34-8907-4d26-83d2-8b01cad0b005/value'
13:33:24.285 [AsyncHttpClient-1-2] DEBUG org.asynchttpclient.netty.handler.HttpHandler - 

Request DefaultHttpRequest(decodeResult: success, version: HTTP/1.1)
POST /session/f0a6e15d86b25e597095605cea6e8e63/element/8a5e8d34-8907-4d26-83d2-8b01cad0b005/value HTTP/1.1
User-Agent: selenium/4.8.1 (java mac)
Content-Length: 141
Content-Type: application/json; charset=utf-8
host: localhost:6845
accept: */*

Response DefaultHttpResponse(decodeResult: success, version: HTTP/1.1)
HTTP/1.1 200 OK
Content-Length: 14
Content-Type: application/json; charset=utf-8
cache-control: no-cache

13:33:24.285 [AsyncHttpClient-1-2] DEBUG org.asynchttpclient.netty.channel.ChannelManager - Adding key: http://localhost:6845 for channel [id: 0xb681ee82, L:/127.0.0.1:60902 - R:localhost/127.0.0.1:6845]
  &amp#27;[32mWhen &amp#27;[0m&amp#27;[32mthe user enters username &amp#27;[0m&amp#27;[32m&amp#27;[1m"Tester"&amp#27;[0m                                                   &amp#27;[90m# com.dangelsin.step_definitions.LoginProcessStepDefs.user_enters_username(java.lang.String)&amp#27;[0m
13:33:24.286 [Forwarding findElement on session f0a6e15d86b25e597095605cea6e8e63 to remote] DEBUG org.asynchttpclient.netty.request.NettyRequestSender - Using pooled Channel '[id: 0xb681ee82, L:/127.0.0.1:60902 - R:localhost/127.0.0.1:6845]' for 'POST' to 'http://localhost:6845/session/f0a6e15d86b25e597095605cea6e8e63/element'
13:33:24.286 [Forwarding findElement on session f0a6e15d86b25e597095605cea6e8e63 to remote] DEBUG org.asynchttpclient.netty.request.NettyRequestSender - Using open Channel [id: 0xb681ee82, L:/127.0.0.1:60902 - R:localhost/127.0.0.1:6845] for POST '/session/f0a6e15d86b25e597095605cea6e8e63/element'
13:33:24.292 [AsyncHttpClient-1-2] DEBUG org.asynchttpclient.netty.handler.HttpHandler - 

Request DefaultHttpRequest(decodeResult: success, version: HTTP/1.1)
POST /session/f0a6e15d86b25e597095605cea6e8e63/element HTTP/1.1
User-Agent: selenium/4.8.1 (java mac)
Content-Length: 71
Content-Type: application/json; charset=utf-8
host: localhost:6845
accept: */*

Response DefaultHttpResponse(decodeResult: success, version: HTTP/1.1)
HTTP/1.1 200 OK
Content-Length: 88
Content-Type: application/json; charset=utf-8
cache-control: no-cache

13:33:24.292 [AsyncHttpClient-1-2] DEBUG org.asynchttpclient.netty.channel.ChannelManager - Adding key: http://localhost:6845 for channel [id: 0xb681ee82, L:/127.0.0.1:60902 - R:localhost/127.0.0.1:6845]
13:33:24.293 [Forwarding sendKeysToElement on session f0a6e15d86b25e597095605cea6e8e63 to remote] DEBUG org.asynchttpclient.netty.request.NettyRequestSender - Using pooled Channel '[id: 0xb681ee82, L:/127.0.0.1:60902 - R:localhost/127.0.0.1:6845]' for 'POST' to 'http://localhost:6845/session/f0a6e15d86b25e597095605cea6e8e63/element/2cdae350-c09f-4f62-9b1d-9f2cf1e6ce09/value'
13:33:24.293 [Forwarding sendKeysToElement on session f0a6e15d86b25e597095605cea6e8e63 to remote] DEBUG org.asynchttpclient.netty.request.NettyRequestSender - Using open Channel [id: 0xb681ee82, L:/127.0.0.1:60902 - R:localhost/127.0.0.1:6845] for POST '/session/f0a6e15d86b25e597095605cea6e8e63/element/2cdae350-c09f-4f62-9b1d-9f2cf1e6ce09/value'
13:33:24.318 [AsyncHttpClient-1-2] DEBUG org.asynchttpclient.netty.handler.HttpHandler - 

Request DefaultHttpRequest(decodeResult: success, version: HTTP/1.1)
POST /session/f0a6e15d86b25e597095605cea6e8e63/element/2cdae350-c09f-4f62-9b1d-9f2cf1e6ce09/value HTTP/1.1
User-Agent: selenium/4.8.1 (java mac)
Content-Length: 121
Content-Type: application/json; charset=utf-8
host: localhost:6845
accept: */*

Response DefaultHttpResponse(decodeResult: success, version: HTTP/1.1)
HTTP/1.1 200 OK
Content-Length: 14
Content-Type: application/json; charset=utf-8
cache-control: no-cache

13:33:24.318 [AsyncHttpClient-1-2] DEBUG org.asynchttpclient.netty.channel.ChannelManager - Adding key: http://localhost:6845 for channel [id: 0xb681ee82, L:/127.0.0.1:60902 - R:localhost/127.0.0.1:6845]
  &amp#27;[32mAnd &amp#27;[0m&amp#27;[32mthe user enters password as &amp#27;[0m&amp#27;[32m&amp#27;[1m"test"&amp#27;[0m                                                   &amp#27;[90m# com.dangelsin.step_definitions.LoginProcessStepDefs.user_enters_password_as(java.lang.String)&amp#27;[0m
13:33:24.320 [Forwarding findElement on session f0a6e15d86b25e597095605cea6e8e63 to remote] DEBUG org.asynchttpclient.netty.request.NettyRequestSender - Using pooled Channel '[id: 0xb681ee82, L:/127.0.0.1:60902 - R:localhost/127.0.0.1:6845]' for 'POST' to 'http://localhost:6845/session/f0a6e15d86b25e597095605cea6e8e63/element'
13:33:24.320 [Forwarding findElement on session f0a6e15d86b25e597095605cea6e8e63 to remote] DEBUG org.asynchttpclient.netty.request.NettyRequestSender - Using open Channel [id: 0xb681ee82, L:/127.0.0.1:60902 - R:localhost/127.0.0.1:6845] for POST '/session/f0a6e15d86b25e597095605cea6e8e63/element'
13:33:24.325 [AsyncHttpClient-1-2] DEBUG org.asynchttpclient.netty.handler.HttpHandler - 

Request DefaultHttpRequest(decodeResult: success, version: HTTP/1.1)
POST /session/f0a6e15d86b25e597095605cea6e8e63/element HTTP/1.1
User-Agent: selenium/4.8.1 (java mac)
Content-Length: 75
Content-Type: application/json; charset=utf-8
host: localhost:6845
accept: */*

Response DefaultHttpResponse(decodeResult: success, version: HTTP/1.1)
HTTP/1.1 200 OK
Content-Length: 88
Content-Type: application/json; charset=utf-8
cache-control: no-cache

13:33:24.325 [AsyncHttpClient-1-2] DEBUG org.asynchttpclient.netty.channel.ChannelManager - Adding key: http://localhost:6845 for channel [id: 0xb681ee82, L:/127.0.0.1:60902 - R:localhost/127.0.0.1:6845]
13:33:24.326 [Forwarding clickElement on session f0a6e15d86b25e597095605cea6e8e63 to remote] DEBUG org.asynchttpclient.netty.request.NettyRequestSender - Using pooled Channel '[id: 0xb681ee82, L:/127.0.0.1:60902 - R:localhost/127.0.0.1:6845]' for 'POST' to 'http://localhost:6845/session/f0a6e15d86b25e597095605cea6e8e63/element/2d6c8b51-b155-4352-88e4-51ccdb781f8a/click'
13:33:24.326 [Forwarding clickElement on session f0a6e15d86b25e597095605cea6e8e63 to remote] DEBUG org.asynchttpclient.netty.request.NettyRequestSender - Using open Channel [id: 0xb681ee82, L:/127.0.0.1:60902 - R:localhost/127.0.0.1:6845] for POST '/session/f0a6e15d86b25e597095605cea6e8e63/element/2d6c8b51-b155-4352-88e4-51ccdb781f8a/click'
13:33:24.853 [AsyncHttpClient-1-1] DEBUG org.asynchttpclient.netty.channel.DefaultChannelPool - Entry count for : http://localhost:60904 : 1
13:33:25.425 [AsyncHttpClient-1-2] DEBUG org.asynchttpclient.netty.handler.HttpHandler - 

Request DefaultHttpRequest(decodeResult: success, version: HTTP/1.1)
POST /session/f0a6e15d86b25e597095605cea6e8e63/element/2d6c8b51-b155-4352-88e4-51ccdb781f8a/click HTTP/1.1
User-Agent: selenium/4.8.1 (java mac)
Content-Length: 50
Content-Type: application/json; charset=utf-8
host: localhost:6845
accept: */*

Response DefaultHttpResponse(decodeResult: success, version: HTTP/1.1)
HTTP/1.1 200 OK
Content-Length: 14
Content-Type: application/json; charset=utf-8
cache-control: no-cache

13:33:25.425 [AsyncHttpClient-1-2] DEBUG org.asynchttpclient.netty.channel.ChannelManager - Adding key: http://localhost:6845 for channel [id: 0xb681ee82, L:/127.0.0.1:60902 - R:localhost/127.0.0.1:6845]
  &amp#27;[32mAnd &amp#27;[0m&amp#27;[32mthe user clicks on the Login&amp#27;[0m                                                         &amp#27;[90m# com.dangelsin.step_definitions.LoginProcessStepDefs.user_clicks_on_the_Login_button()&amp#27;[0m
13:33:25.955 [AsyncHttpClient-1-1] DEBUG org.asynchttpclient.netty.channel.DefaultChannelPool - Entry count for : http://localhost:6845 : 1
13:33:25.955 [AsyncHttpClient-1-1] DEBUG org.asynchttpclient.netty.channel.DefaultChannelPool - Entry count for : http://localhost:60904 : 1
13:33:26.435 [Forwarding getCurrentUrl on session f0a6e15d86b25e597095605cea6e8e63 to remote] DEBUG org.asynchttpclient.netty.request.NettyRequestSender - Using pooled Channel '[id: 0xb681ee82, L:/127.0.0.1:60902 - R:localhost/127.0.0.1:6845]' for 'GET' to 'http://localhost:6845/session/f0a6e15d86b25e597095605cea6e8e63/url'
13:33:26.435 [Forwarding getCurrentUrl on session f0a6e15d86b25e597095605cea6e8e63 to remote] DEBUG org.asynchttpclient.netty.request.NettyRequestSender - Using open Channel [id: 0xb681ee82, L:/127.0.0.1:60902 - R:localhost/127.0.0.1:6845] for GET '/session/f0a6e15d86b25e597095605cea6e8e63/url'
13:33:26.442 [AsyncHttpClient-1-2] DEBUG org.asynchttpclient.netty.handler.HttpHandler - 

Request DefaultFullHttpRequest(decodeResult: success, version: HTTP/1.1, content: EmptyByteBufBE)
GET /session/f0a6e15d86b25e597095605cea6e8e63/url HTTP/1.1
User-Agent: selenium/4.8.1 (java mac)
Cache-Control: no-cache
Content-Type: application/json; charset=utf-8
host: localhost:6845
accept: */*

Response DefaultHttpResponse(decodeResult: success, version: HTTP/1.1)
HTTP/1.1 200 OK
Content-Length: 81
Content-Type: application/json; charset=utf-8
cache-control: no-cache

13:33:26.442 [AsyncHttpClient-1-2] DEBUG org.asynchttpclient.netty.channel.ChannelManager - Adding key: http://localhost:6845 for channel [id: 0xb681ee82, L:/127.0.0.1:60902 - R:localhost/127.0.0.1:6845]
  &amp#27;[32mThen &amp#27;[0m&amp#27;[32mthe user should be logged in&amp#27;[0m                                                        &amp#27;[90m# com.dangelsin.step_definitions.LoginProcessStepDefs.the_user_should_be_logged_in()&amp#27;[0m
13:33:26.447 [Forwarding findElement on session f0a6e15d86b25e597095605cea6e8e63 to remote] DEBUG org.asynchttpclient.netty.request.NettyRequestSender - Using pooled Channel '[id: 0xb681ee82, L:/127.0.0.1:60902 - R:localhost/127.0.0.1:6845]' for 'POST' to 'http://localhost:6845/session/f0a6e15d86b25e597095605cea6e8e63/element'
13:33:26.447 [Forwarding findElement on session f0a6e15d86b25e597095605cea6e8e63 to remote] DEBUG org.asynchttpclient.netty.request.NettyRequestSender - Using open Channel [id: 0xb681ee82, L:/127.0.0.1:60902 - R:localhost/127.0.0.1:6845] for POST '/session/f0a6e15d86b25e597095605cea6e8e63/element'
13:33:26.459 [AsyncHttpClient-1-2] DEBUG org.asynchttpclient.netty.handler.HttpHandler - 

Request DefaultHttpRequest(decodeResult: success, version: HTTP/1.1)
POST /session/f0a6e15d86b25e597095605cea6e8e63/element HTTP/1.1
User-Agent: selenium/4.8.1 (java mac)
Content-Length: 73
Content-Type: application/json; charset=utf-8
host: localhost:6845
accept: */*

Response DefaultHttpResponse(decodeResult: success, version: HTTP/1.1)
HTTP/1.1 200 OK
Content-Length: 88
Content-Type: application/json; charset=utf-8
cache-control: no-cache

13:33:26.460 [AsyncHttpClient-1-2] DEBUG org.asynchttpclient.netty.channel.ChannelManager - Adding key: http://localhost:6845 for channel [id: 0xb681ee82, L:/127.0.0.1:60902 - R:localhost/127.0.0.1:6845]
13:33:26.461 [Forwarding getElementText on session f0a6e15d86b25e597095605cea6e8e63 to remote] DEBUG org.asynchttpclient.netty.request.NettyRequestSender - Using pooled Channel '[id: 0xb681ee82, L:/127.0.0.1:60902 - R:localhost/127.0.0.1:6845]' for 'GET' to 'http://localhost:6845/session/f0a6e15d86b25e597095605cea6e8e63/element/72ca8f7e-017e-4754-a638-e32d0ff493c7/text'
13:33:26.461 [Forwarding getElementText on session f0a6e15d86b25e597095605cea6e8e63 to remote] DEBUG org.asynchttpclient.netty.request.NettyRequestSender - Using open Channel [id: 0xb681ee82, L:/127.0.0.1:60902 - R:localhost/127.0.0.1:6845] for GET '/session/f0a6e15d86b25e597095605cea6e8e63/element/72ca8f7e-017e-4754-a638-e32d0ff493c7/text'
13:33:26.479 [AsyncHttpClient-1-2] DEBUG org.asynchttpclient.netty.handler.HttpHandler - 

Request DefaultFullHttpRequest(decodeResult: success, version: HTTP/1.1, content: EmptyByteBufBE)
GET /session/f0a6e15d86b25e597095605cea6e8e63/element/72ca8f7e-017e-4754-a638-e32d0ff493c7/text HTTP/1.1
User-Agent: selenium/4.8.1 (java mac)
Cache-Control: no-cache
Content-Type: application/json; charset=utf-8
host: localhost:6845
accept: */*

Response DefaultHttpResponse(decodeResult: success, version: HTTP/1.1)
HTTP/1.1 200 OK
Content-Length: 37
Content-Type: application/json; charset=utf-8
cache-control: no-cache

13:33:26.479 [AsyncHttpClient-1-2] DEBUG org.asynchttpclient.netty.channel.ChannelManager - Adding key: http://localhost:6845 for channel [id: 0xb681ee82, L:/127.0.0.1:60902 - R:localhost/127.0.0.1:6845]
  &amp#27;[32mThen &amp#27;[0m&amp#27;[32mthe user arrives at the home page and welcome text containing the username &amp#27;[0m&amp#27;[32m&amp#27;[1m"Tester"&amp#27;[0m &amp#27;[90m# com.dangelsin.step_definitions.LoginProcessStepDefs.the_user_arrives_at_the_home_page_and_welcome_text_containing_the_username(java.lang.String)&amp#27;[0m
13:33:26.481 [pool-3-thread-1] INFO com.dangelsin.step_definitions.Hooks - Test scenario :: The user successfully logs in with valid credentials. :: Passed
13:33:26.484 [Driver Command Executor] DEBUG org.asynchttpclient.netty.request.NettyRequestSender - Using pooled Channel '[id: 0xb681ee82, L:/127.0.0.1:60902 - R:localhost/127.0.0.1:6845]' for 'DELETE' to 'http://localhost:6845/session/f0a6e15d86b25e597095605cea6e8e63'
13:33:26.485 [Driver Command Executor] DEBUG org.asynchttpclient.netty.request.NettyRequestSender - Using open Channel [id: 0xb681ee82, L:/127.0.0.1:60902 - R:localhost/127.0.0.1:6845] for DELETE '/session/f0a6e15d86b25e597095605cea6e8e63'
13:33:26.485 [AsyncHttpClient-1-4] DEBUG org.asynchttpclient.netty.handler.WebSocketHandler - Channel Closed: [id: 0xad359d59, L:/127.0.0.1:60909 ! R:localhost/127.0.0.1:60904] with attribute NettyResponseFuture{currentRetry=0,
	isDone=1,
	isCancelled=0,
	asyncHandler=org.asynchttpclient.ws.WebSocketUpgradeHandler@3dc1be05,
	nettyRequest=org.asynchttpclient.netty.request.NettyRequest@2a3a0e60,
	future=java.util.concurrent.CompletableFuture@5a0e1bee[Completed normally],
	uri=ws://localhost:60904/devtools/browser/ecbba9ee-e747-403e-b711-069750e17d44,
	keepAlive=true,
	redirectCount=0,
	timeoutsHolder=null,
	inAuth=0,
	touch=1678192400391}
13:33:26.486 [AsyncHttpClient-1-4] DEBUG org.asynchttpclient.netty.channel.ChannelManager - Closing Channel [id: 0xad359d59, L:/127.0.0.1:60909 ! R:localhost/127.0.0.1:60904] 
13:33:26.492 [AsyncHttpClient-1-3] DEBUG org.asynchttpclient.netty.handler.HttpHandler - Channel Closed: [id: 0x3fe84742, L:/127.0.0.1:60908 ! R:localhost/127.0.0.1:60904] with attribute DISCARD
13:33:26.536 [AsyncHttpClient-1-2] DEBUG org.asynchttpclient.netty.handler.HttpHandler - 

Request DefaultFullHttpRequest(decodeResult: success, version: HTTP/1.1, content: EmptyByteBufBE)
DELETE /session/f0a6e15d86b25e597095605cea6e8e63 HTTP/1.1
User-Agent: selenium/4.8.1 (java mac)
Content-Type: application/json; charset=utf-8
host: localhost:6845
accept: */*

Response DefaultHttpResponse(decodeResult: success, version: HTTP/1.1)
HTTP/1.1 200 OK
Content-Length: 14
Content-Type: application/json; charset=utf-8
cache-control: no-cache

13:33:26.537 [AsyncHttpClient-1-2] DEBUG org.asynchttpclient.netty.channel.ChannelManager - Adding key: http://localhost:6845 for channel [id: 0xb681ee82, L:/127.0.0.1:60902 - R:localhost/127.0.0.1:6845]
13:33:26.547 [AsyncHttpClient-1-2] DEBUG org.asynchttpclient.netty.handler.HttpHandler - Channel Closed: [id: 0xb681ee82, L:/127.0.0.1:60902 ! R:localhost/127.0.0.1:6845] with attribute DISCARD
]]></system-out>
    <system-err><![CDATA[Starting ChromeDriver 109.0.5414.74 (e7c5703604daa9cc128ccf5a5d3e993513758913-refs/branch-heads/5414@{#1172}) on port 6845
Only local connections are allowed.
Please see https://chromedriver.chromium.org/security-considerations for suggestions on keeping ChromeDriver safe.
ChromeDriver was started successfully.
]]></system-err>
  </testcase>
</testsuite>